#
# A fatal error has been detected by the Java Runtime Environment:
#
#  EXCEPTION_ACCESS_VIOLATION (0xc0000005) at pc=0x000000006f484d08, pid=8116, tid=4568
#
# JRE version: Java(TM) SE Runtime Environment (8.0_31-b13) (build 1.8.0_31-b13)
# Java VM: Java HotSpot(TM) 64-Bit Server VM (25.31-b07 mixed mode windows-amd64 compressed oops)
# Problematic frame:
# V  [jvm.dll+0x104d08]
#
# Failed to write core dump. Minidumps are not enabled by default on client versions of Windows
#
# If you would like to submit a bug report, please visit:
#   http://bugreport.java.com/bugreport/crash.jsp
#

---------------  T H R E A D  ---------------

Current thread (0x0000000001df8000):  GCTaskThread [stack: 0x0000000011610000,0x0000000011710000] [id=4568]

siginfo: ExceptionCode=0xc0000005, reading address 0xffffffffffffffff

Registers:
RAX=0x0000000011a10000, RBX=0x000000008bd06c90, RCX=0x0000000000000000, RDX=0x0000000000000012
RSP=0x000000001170f550, RBP=0x00000000c181c348, RSI=0x0000000001eca430, RDI=0x0000000001eca430
R8 =0x007fffffffe5e836, R9 =0x00000001006eb840, R10=0x000000000000000c, R11=0x000000006f956828
R12=0x00000000c181c350, R13=0x00000001006eba80, R14=0x00000001006eba88, R15=0x00000000c181c320
RIP=0x000000006f484d08, EFLAGS=0x0000000000010206

Top of Stack: (sp=0x000000001170f550)
0x000000001170f550:   00000001006eb840 00000000c179ebec
0x000000001170f560:   0000000000000009 000000006f5849e2
0x000000001170f570:   0000000000000000 0000000001df8540
0x000000001170f580:   0000000001df7630 0000000001eca430
0x000000001170f590:   00000000000026df 000000006f7570a0
0x000000001170f5a0:   0000000014b80740 000000001170f6a9
0x000000001170f5b0:   0000000001eca430 000000006f9a4998
0x000000001170f5c0:   000000006fb5d4f0 0000000000000004
0x000000001170f5d0:   0000000000000000 0000000000000006
0x000000001170f5e0:   000000006f9a4998 000000006f483125
0x000000001170f5f0:   0000000014b7d9f0 000000001170f6a9
0x000000001170f600:   0000000001df9000 0000000001df7630
0x000000001170f610:   0000000001df8550 0000000001df8540
0x000000001170f620:   000000006f9a4998 0000000001eca430
0x000000001170f630:   0000000001df9000 000000001170f6a9
0x000000001170f640:   0000000014485440 000000006f754021 

Instructions: (pc=0x000000006f484d08)
0x000000006f484ce8:   05 03 88 6d 00 49 c1 e8 03 49 d3 e8 41 0f b6 c0
0x000000006f484cf8:   49 c1 e8 06 24 3f 0f b6 d0 48 8b 05 18 88 6d 00
0x000000006f484d08:   4a 8b 0c c0 48 0f a3 d1 0f 82 59 01 00 00 0f b6
0x000000006f484d18:   15 8c f6 6c 00 84 d2 74 16 44 8b 43 08 8b 0d 1d 


Register to memory mapping:

RAX=0x0000000011a10000 is an unknown value
RBX=0x000000008bd06c90 is an unknown value
RCX=0x0000000000000000 is an unknown value
RDX=0x0000000000000012 is an unknown value
RSP=0x000000001170f550 is an unknown value
RBP=0x00000000c181c348 is pointing into object: 0x00000000c181c320
com.sun.tools.javac.file.ZipFileIndex$Entry 
 - klass: 'com/sun/tools/javac/file/ZipFileIndex$Entry'
RSI=0x0000000001eca430 is an unknown value
RDI=0x0000000001eca430 is an unknown value
R8 =0x007fffffffe5e836 is an unknown value
R9 =0x00000001006eb840 is pointing into metadata
R10=0x000000000000000c is an unknown value
R11=0x000000006f956828 is an unknown value
R12=0x00000000c181c350 is an oop
java.lang.String 
 - klass: 'java/lang/String'
R13=0x00000001006eba80 is pointing into metadata
R14=0x00000001006eba88 is pointing into metadata
R15=0x00000000c181c320 is an oop
com.sun.tools.javac.file.ZipFileIndex$Entry 
 - klass: 'com/sun/tools/javac/file/ZipFileIndex$Entry'


Stack: [0x0000000011610000,0x0000000011710000],  sp=0x000000001170f550,  free space=1021k
Native frames: (J=compiled Java code, j=interpreted, Vv=VM code, C=native code)
V  [jvm.dll+0x104d08]
V  [jvm.dll+0x3d70a0]
V  [jvm.dll+0x3d4021]
V  [jvm.dll+0x3d1b5e]
V  [jvm.dll+0x28576a]
C  [msvcr100.dll+0x21d9f]
C  [msvcr100.dll+0x21e3b]
C  [KERNEL32.DLL+0x13d2]
C  [ntdll.dll+0x6e954]


---------------  P R O C E S S  ---------------

Java Threads: ( => current thread )
  0x0000000019f68000 JavaThread "Stdin handler" [_thread_blocked, id=5360, stack(0x0000000018720000,0x0000000018820000)]
  0x0000000019f61800 JavaThread "Daemon worker Thread 9" [_thread_blocked, id=6824, stack(0x0000000018620000,0x0000000018720000)]
  0x0000000019f64800 JavaThread "Cancel handler" [_thread_blocked, id=8048, stack(0x0000000018520000,0x0000000018620000)]
  0x0000000019f60800 JavaThread "Handler for socket connection from /127.0.0.1:1680 to /127.0.0.1:54483" [_thread_in_native, id=704, stack(0x0000000018420000,0x0000000018520000)]
  0x0000000019f62000 JavaThread "Daemon Thread 9" [_thread_blocked, id=5480, stack(0x0000000018320000,0x0000000018420000)]
  0x00000000175ef800 JavaThread "File lock request listener" [_thread_in_native, id=6300, stack(0x000000001b450000,0x000000001b550000)]
  0x0000000016685800 JavaThread "Incoming local TCP Connector on port 1680" [_thread_in_native, id=6416, stack(0x0000000018020000,0x0000000018120000)]
  0x0000000015e30000 JavaThread "Service Thread" daemon [_thread_blocked, id=5160, stack(0x0000000016200000,0x0000000016300000)]
  0x00000000145b7800 JavaThread "C1 CompilerThread2" daemon [_thread_blocked, id=7008, stack(0x0000000015d00000,0x0000000015e00000)]
  0x00000000145b3800 JavaThread "C2 CompilerThread1" daemon [_thread_blocked, id=720, stack(0x0000000015c00000,0x0000000015d00000)]
  0x00000000145ad800 JavaThread "C2 CompilerThread0" daemon [_thread_blocked, id=3984, stack(0x0000000015b00000,0x0000000015c00000)]
  0x00000000145ac000 JavaThread "Attach Listener" daemon [_thread_blocked, id=1212, stack(0x0000000015a00000,0x0000000015b00000)]
  0x00000000145aa800 JavaThread "Signal Dispatcher" daemon [_thread_blocked, id=6988, stack(0x0000000015900000,0x0000000015a00000)]
  0x0000000001ed6000 JavaThread "Finalizer" daemon [_thread_blocked, id=6696, stack(0x0000000015800000,0x0000000015900000)]
  0x0000000001ecd000 JavaThread "Reference Handler" daemon [_thread_blocked, id=2020, stack(0x0000000015700000,0x0000000015800000)]
  0x0000000001cde000 JavaThread "main" [_thread_blocked, id=7792, stack(0x0000000001ce0000,0x0000000001de0000)]

Other Threads:
  0x0000000014576000 VMThread [stack: 0x0000000015600000,0x0000000015700000] [id=5332]
  0x0000000015e3b800 WatcherThread [stack: 0x0000000016300000,0x0000000016400000] [id=6164]

=>0x0000000001df8000 (exited) GCTaskThread [stack: 0x0000000011610000,0x0000000011710000] [id=4568]

VM state:at safepoint (normal execution)

VM Mutex/Monitor currently owned by a thread:  ([mutex/lock_event])
[0x0000000001cdcfc0] Threads_lock - owner thread: 0x0000000014576000
[0x0000000001cdd5c0] Heap_lock - owner thread: 0x0000000019f61800

Heap:
 PSYoungGen      total 283648K, used 230903K [0x00000000eab00000, 0x0000000100000000, 0x0000000100000000)
  eden space 227328K, 100% used [0x00000000eab00000,0x00000000f8900000,0x00000000f8900000)
  from space 56320K, 6% used [0x00000000fc900000,0x00000000fcc7de20,0x0000000100000000)
  to   space 60928K, 0% used [0x00000000f8900000,0x00000000f8900000,0x00000000fc480000)
 ParOldGen       total 152576K, used 152173K [0x00000000c0000000, 0x00000000c9500000, 0x00000000eab00000)
  object space 152576K, 99% used [0x00000000c0000000,0x00000000c949b498,0x00000000c9500000)
 Metaspace       used 138111K, capacity 145414K, committed 145920K, reserved 1173504K
  class space    used 18965K, capacity 21546K, committed 21760K, reserved 1048576K

Card table byte_map: [0x00000000112a0000,0x00000000114b0000] byte_map_base: 0x0000000010ca0000

Marking Bits: (ParMarkBitMap*) 0x000000006fb5d4f0
 Begin Bits: [0x0000000011a10000, 0x0000000012a10000)
 End Bits:   [0x0000000012a10000, 0x0000000013a10000)

Polling page: 0x0000000001c30000

CodeCache: size=245760Kb used=41624Kb max_used=41847Kb free=204135Kb
 bounds [0x0000000001ee0000, 0x0000000004820000, 0x0000000010ee0000]
 total_blobs=12138 nmethods=11436 adapters=612
 compilation: enabled

Compilation events (10 events):
Event: 9456.120 Thread 0x00000000145b7800 nmethod 15021 0x0000000002d62ed0 code [0x0000000002d63020, 0x0000000002d63130]
Event: 9456.121 Thread 0x00000000145b7800 15022       3       org.gradle.api.internal.AbstractTask$11::run (16 bytes)
Event: 9456.122 Thread 0x00000000145b7800 nmethod 15022 0x0000000002db8c90 code [0x0000000002db8e40, 0x0000000002db92f8]
Event: 9456.122 Thread 0x00000000145b7800 15023       3       org.gradle.api.internal.AbstractTask::dependsOn (20 bytes)
Event: 9456.124 Thread 0x00000000145b7800 nmethod 15023 0x0000000002e1d1d0 code [0x0000000002e1d3a0, 0x0000000002e1da68]
Event: 9456.130 Thread 0x00000000145b3800 15024 %     4       java.util.TimSort::mergeLo @ 153 (659 bytes)
Event: 9456.149 Thread 0x00000000145b3800 nmethod 15024% 0x000000000320e1d0 code [0x000000000320e3a0, 0x000000000320fcb8]
Event: 9456.181 Thread 0x00000000145ad800 15025       4       java.util.LinkedList$ListItr::hasPrevious (13 bytes)
Event: 9456.182 Thread 0x00000000145ad800 nmethod 15025 0x0000000002814650 code [0x0000000002814780, 0x00000000028147f8]
Event: 9456.189 Thread 0x00000000145b3800 15026       4       java.util.TimSort::mergeLo (659 bytes)

GC Heap History (10 events):
Event: 4349.584 GC heap after
Heap after GC invocations=43 (full 10):
 PSYoungGen      total 297472K, used 0K [0x00000000eab00000, 0x0000000100000000, 0x0000000100000000)
  eden space 251904K, 0% used [0x00000000eab00000,0x00000000eab00000,0x00000000fa100000)
  from space 45568K, 0% used [0x00000000fa100000,0x00000000fa100000,0x00000000fcd80000)
  to   space 51712K, 0% used [0x00000000fcd80000,0x00000000fcd80000,0x0000000100000000)
 ParOldGen       total 152576K, used 132092K [0x00000000c0000000, 0x00000000c9500000, 0x00000000eab00000)
  object space 152576K, 86% used [0x00000000c0000000,0x00000000c80ff2b8,0x00000000c9500000)
 Metaspace       used 113589K, capacity 119100K, committed 119680K, reserved 1150976K
  class space    used 15472K, capacity 17367K, committed 17536K, reserved 1048576K
}
Event: 4403.415 GC heap before
{Heap before GC invocations=44 (full 10):
 PSYoungGen      total 297472K, used 251904K [0x00000000eab00000, 0x0000000100000000, 0x0000000100000000)
  eden space 251904K, 100% used [0x00000000eab00000,0x00000000fa100000,0x00000000fa100000)
  from space 45568K, 0% used [0x00000000fa100000,0x00000000fa100000,0x00000000fcd80000)
  to   space 51712K, 0% used [0x00000000fcd80000,0x00000000fcd80000,0x0000000100000000)
 ParOldGen       total 152576K, used 132092K [0x00000000c0000000, 0x00000000c9500000, 0x00000000eab00000)
  object space 152576K, 86% used [0x00000000c0000000,0x00000000c80ff2b8,0x00000000c9500000)
 Metaspace       used 121218K, capacity 127634K, committed 127872K, reserved 1159168K
  class space    used 16591K, capacity 18812K, committed 18816K, reserved 1048576K
Event: 4403.440 GC heap after
Heap after GC invocations=44 (full 10):
 PSYoungGen      total 293376K, used 27926K [0x00000000eab00000, 0x0000000100000000, 0x0000000100000000)
  eden space 241664K, 0% used [0x00000000eab00000,0x00000000eab00000,0x00000000f9700000)
  from space 51712K, 54% used [0x00000000fcd80000,0x00000000fe8c5828,0x0000000100000000)
  to   space 53760K, 0% used [0x00000000f9700000,0x00000000f9700000,0x00000000fcb80000)
 ParOldGen       total 152576K, used 132100K [0x00000000c0000000, 0x00000000c9500000, 0x00000000eab00000)
  object space 152576K, 86% used [0x00000000c0000000,0x00000000c81012b8,0x00000000c9500000)
 Metaspace       used 121218K, capacity 127634K, committed 127872K, reserved 1159168K
  class space    used 16591K, capacity 18812K, committed 18816K, reserved 1048576K
}
Event: 4756.560 GC heap before
{Heap before GC invocations=45 (full 10):
 PSYoungGen      total 293376K, used 269590K [0x00000000eab00000, 0x0000000100000000, 0x0000000100000000)
  eden space 241664K, 100% used [0x00000000eab00000,0x00000000f9700000,0x00000000f9700000)
  from space 51712K, 54% used [0x00000000fcd80000,0x00000000fe8c5828,0x0000000100000000)
  to   space 53760K, 0% used [0x00000000f9700000,0x00000000f9700000,0x00000000fcb80000)
 ParOldGen       total 152576K, used 132100K [0x00000000c0000000, 0x00000000c9500000, 0x00000000eab00000)
  object space 152576K, 86% used [0x00000000c0000000,0x00000000c81012b8,0x00000000c9500000)
 Metaspace       used 128464K, capacity 135504K, committed 135680K, reserved 1165312K
  class space    used 17670K, capacity 20178K, committed 20224K, reserved 1048576K
Event: 4756.596 GC heap after
Heap after GC invocations=45 (full 10):
 PSYoungGen      total 280064K, used 38217K [0x00000000eab00000, 0x0000000100000000, 0x0000000100000000)
  eden space 241664K, 0% used [0x00000000eab00000,0x00000000eab00000,0x00000000f9700000)
  from space 38400K, 99% used [0x00000000f9700000,0x00000000fbc52610,0x00000000fbc80000)
  to   space 56320K, 0% used [0x00000000fc900000,0x00000000fc900000,0x0000000100000000)
 ParOldGen       total 152576K, used 132108K [0x00000000c0000000, 0x00000000c9500000, 0x00000000eab00000)
  object space 152576K, 86% used [0x00000000c0000000,0x00000000c81032b8,0x00000000c9500000)
 Metaspace       used 128464K, capacity 135504K, committed 135680K, reserved 1165312K
  class space    used 17670K, capacity 20178K, committed 20224K, reserved 1048576K
}
Event: 4761.773 GC heap before
{Heap before GC invocations=46 (full 10):
 PSYoungGen      total 280064K, used 256322K [0x00000000eab00000, 0x0000000100000000, 0x0000000100000000)
  eden space 241664K, 90% used [0x00000000eab00000,0x00000000f7ffe4a0,0x00000000f9700000)
  from space 38400K, 99% used [0x00000000f9700000,0x00000000fbc52610,0x00000000fbc80000)
  to   space 56320K, 0% used [0x00000000fc900000,0x00000000fc900000,0x0000000100000000)
 ParOldGen       total 152576K, used 132108K [0x00000000c0000000, 0x00000000c9500000, 0x00000000eab00000)
  object space 152576K, 86% used [0x00000000c0000000,0x00000000c81032b8,0x00000000c9500000)
 Metaspace       used 131411K, capacity 138706K, committed 138752K, reserved 1167360K
  class space    used 18145K, capacity 20726K, committed 20736K, reserved 1048576K
Event: 4761.821 GC heap after
Heap after GC invocations=46 (full 10):
 PSYoungGen      total 283648K, used 45263K [0x00000000eab00000, 0x0000000100000000, 0x0000000100000000)
  eden space 227328K, 0% used [0x00000000eab00000,0x00000000eab00000,0x00000000f8900000)
  from space 56320K, 80% used [0x00000000fc900000,0x00000000ff533d70,0x0000000100000000)
  to   space 60928K, 0% used [0x00000000f8900000,0x00000000f8900000,0x00000000fc480000)
 ParOldGen       total 152576K, used 132108K [0x00000000c0000000, 0x00000000c9500000, 0x00000000eab00000)
  object space 152576K, 86% used [0x00000000c0000000,0x00000000c81032b8,0x00000000c9500000)
 Metaspace       used 131411K, capacity 138706K, committed 138752K, reserved 1167360K
  class space    used 18145K, capacity 20726K, committed 20736K, reserved 1048576K
}
Event: 4761.821 GC heap before
{Heap before GC invocations=47 (full 11):
 PSYoungGen      total 283648K, used 45263K [0x00000000eab00000, 0x0000000100000000, 0x0000000100000000)
  eden space 227328K, 0% used [0x00000000eab00000,0x00000000eab00000,0x00000000f8900000)
  from space 56320K, 80% used [0x00000000fc900000,0x00000000ff533d70,0x0000000100000000)
  to   space 60928K, 0% used [0x00000000f8900000,0x00000000f8900000,0x00000000fc480000)
 ParOldGen       total 152576K, used 132108K [0x00000000c0000000, 0x00000000c9500000, 0x00000000eab00000)
  object space 152576K, 86% used [0x00000000c0000000,0x00000000c81032b8,0x00000000c9500000)
 Metaspace       used 131411K, capacity 138706K, committed 138752K, reserved 1167360K
  class space    used 18145K, capacity 20726K, committed 20736K, reserved 1048576K
Event: 4762.531 GC heap after
Heap after GC invocations=47 (full 11):
 PSYoungGen      total 283648K, used 3575K [0x00000000eab00000, 0x0000000100000000, 0x0000000100000000)
  eden space 227328K, 0% used [0x00000000eab00000,0x00000000eab00000,0x00000000f8900000)
  from space 56320K, 6% used [0x00000000fc900000,0x00000000fcc7de20,0x0000000100000000)
  to   space 60928K, 0% used [0x00000000f8900000,0x00000000f8900000,0x00000000fc480000)
 ParOldGen       total 152576K, used 152173K [0x00000000c0000000, 0x00000000c9500000, 0x00000000eab00000)
  object space 152576K, 99% used [0x00000000c0000000,0x00000000c949b498,0x00000000c9500000)
 Metaspace       used 130776K, capacity 137260K, committed 138752K, reserved 1167360K
  class space    used 17896K, capacity 20184K, committed 20736K, reserved 1048576K
}
Event: 9456.204 GC heap before
{Heap before GC invocations=48 (full 12):
 PSYoungGen      total 283648K, used 230903K [0x00000000eab00000, 0x0000000100000000, 0x0000000100000000)
  eden space 227328K, 100% used [0x00000000eab00000,0x00000000f8900000,0x00000000f8900000)
  from space 56320K, 6% used [0x00000000fc900000,0x00000000fcc7de20,0x0000000100000000)
  to   space 60928K, 0% used [0x00000000f8900000,0x00000000f8900000,0x00000000fc480000)
 ParOldGen       total 152576K, used 152173K [0x00000000c0000000, 0x00000000c9500000, 0x00000000eab00000)
  object space 152576K, 99% used [0x00000000c0000000,0x00000000c949b498,0x00000000c9500000)
 Metaspace       used 138111K, capacity 145414K, committed 145920K, reserved 1173504K
  class space    used 18965K, capacity 21546K, committed 21760K, reserved 1048576K

Deoptimization events (10 events):
Event: 9455.779 Thread 0x0000000019f61800 Uncommon trap: reason=array_check action=maybe_recompile pc=0x00000000028594cc method=java.util.TimSort.mergeLo(IIII)V @ 81
Event: 9455.779 Thread 0x0000000019f61800 Uncommon trap: reason=array_check action=maybe_recompile pc=0x00000000028594cc method=java.util.TimSort.mergeLo(IIII)V @ 81
Event: 9455.779 Thread 0x0000000019f61800 Uncommon trap: reason=array_check action=maybe_recompile pc=0x00000000028594cc method=java.util.TimSort.mergeLo(IIII)V @ 81
Event: 9455.794 Thread 0x0000000019f61800 Uncommon trap: reason=array_check action=maybe_recompile pc=0x00000000028594cc method=java.util.TimSort.mergeLo(IIII)V @ 81
Event: 9455.794 Thread 0x0000000019f61800 Uncommon trap: reason=array_check action=maybe_recompile pc=0x0000000004699ba8 method=java.util.TimSort.mergeLo(IIII)V @ 212
Event: 9455.840 Thread 0x0000000019f61800 Uncommon trap: reason=predicate action=maybe_recompile pc=0x000000000372e870 method=java.util.TimSort.mergeLo(IIII)V @ 153
Event: 9455.882 Thread 0x0000000019f61800 Uncommon trap: reason=array_check action=maybe_recompile pc=0x0000000004699ba8 method=java.util.TimSort.mergeLo(IIII)V @ 212
Event: 9455.939 Thread 0x0000000019f61800 Uncommon trap: reason=array_check action=maybe_recompile pc=0x0000000004649bdc method=java.util.TimSort.mergeLo(IIII)V @ 245
Event: 9455.957 Thread 0x0000000019f61800 Uncommon trap: reason=array_check action=maybe_recompile pc=0x0000000004649bdc method=java.util.TimSort.mergeLo(IIII)V @ 245
Event: 9456.189 Thread 0x0000000019f61800 Uncommon trap: reason=array_check action=maybe_recompile pc=0x000000000320f6a0 method=java.util.TimSort.mergeLo(IIII)V @ 375

Internal exceptions (10 events):
Event: 9456.203 Thread 0x0000000019f61800 Exception <a 'java/security/PrivilegedActionException'> (0x00000000f88e65f0) thrown at [C:\workspace\8-2-build-windows-amd64-cygwin\jdk8u31\2394\hotspot\src\share\vm\prims\jvm.cpp, line 1312]
Event: 9456.203 Thread 0x0000000019f61800 Exception <a 'java/security/PrivilegedActionException'> (0x00000000f88e7b10) thrown at [C:\workspace\8-2-build-windows-amd64-cygwin\jdk8u31\2394\hotspot\src\share\vm\prims\jvm.cpp, line 1312]
Event: 9456.203 Thread 0x0000000019f61800 Exception <a 'java/security/PrivilegedActionException'> (0x00000000f88e8ef8) thrown at [C:\workspace\8-2-build-windows-amd64-cygwin\jdk8u31\2394\hotspot\src\share\vm\prims\jvm.cpp, line 1312]
Event: 9456.203 Thread 0x0000000019f61800 Exception <a 'java/security/PrivilegedActionException'> (0x00000000f88ee5a0) thrown at [C:\workspace\8-2-build-windows-amd64-cygwin\jdk8u31\2394\hotspot\src\share\vm\prims\jvm.cpp, line 1312]
Event: 9456.203 Thread 0x0000000019f61800 Exception <a 'java/lang/ClassNotFoundException': com/android/build/gradle/tasks/LintBeanInfo> (0x00000000f88eee18) thrown at [C:\workspace\8-2-build-windows-amd64-cygwin\jdk8u31\2394\hotspot\src\share\vm\classfile\systemDictionary.cpp, line 202]
Event: 9456.203 Thread 0x0000000019f61800 Exception <a 'java/security/PrivilegedActionException'> (0x00000000f88f3dd8) thrown at [C:\workspace\8-2-build-windows-amd64-cygwin\jdk8u31\2394\hotspot\src\share\vm\prims\jvm.cpp, line 1312]
Event: 9456.203 Thread 0x0000000019f61800 Exception <a 'java/security/PrivilegedActionException'> (0x00000000f88f5330) thrown at [C:\workspace\8-2-build-windows-amd64-cygwin\jdk8u31\2394\hotspot\src\share\vm\prims\jvm.cpp, line 1312]
Event: 9456.203 Thread 0x0000000019f61800 Exception <a 'java/security/PrivilegedActionException'> (0x00000000f88f6730) thrown at [C:\workspace\8-2-build-windows-amd64-cygwin\jdk8u31\2394\hotspot\src\share\vm\prims\jvm.cpp, line 1312]
Event: 9456.204 Thread 0x0000000019f61800 Exception <a 'java/security/PrivilegedActionException'> (0x00000000f88fbf68) thrown at [C:\workspace\8-2-build-windows-amd64-cygwin\jdk8u31\2394\hotspot\src\share\vm\prims\jvm.cpp, line 1312]
Event: 9456.204 Thread 0x0000000019f61800 Exception <a 'java/lang/ClassNotFoundException': com/android/build/gradle/tasks/LintCustomizer> (0x00000000f88fc7e8) thrown at [C:\workspace\8-2-build-windows-amd64-cygwin\jdk8u31\2394\hotspot\src\share\vm\classfile\systemDictionary.cpp, line 202]

Events (10 events):
Event: 9456.203 loading class com/android/build/gradle/tasks/Lint_DecoratedBeanInfo done
Event: 9456.203 loading class com/android/build/gradle/tasks/LintBeanInfo
Event: 9456.203 loading class com/android/build/gradle/tasks/LintBeanInfo done
Event: 9456.203 loading class com/android/build/gradle/tasks/LintBeanInfo
Event: 9456.203 loading class com/android/build/gradle/tasks/LintBeanInfo done
Event: 9456.203 loading class com/android/build/gradle/tasks/LintCustomizer
Event: 9456.203 loading class com/android/build/gradle/tasks/LintCustomizer done
Event: 9456.204 loading class com/android/build/gradle/tasks/LintCustomizer
Event: 9456.204 loading class com/android/build/gradle/tasks/LintCustomizer done
Event: 9456.204 Executing VM operation: ParallelGCFailedAllocation


Dynamic libraries:
0x00007ff719d50000 - 0x00007ff719d84000 	C:\Program Files\Java\jdk1.8.0_31\bin\java.exe
0x00007ffc242f0000 - 0x00007ffc2449c000 	C:\Windows\SYSTEM32\ntdll.dll
0x00007ffc24150000 - 0x00007ffc2428e000 	C:\Windows\system32\KERNEL32.DLL
0x00007ffc21560000 - 0x00007ffc21675000 	C:\Windows\system32\KERNELBASE.dll
0x00007ffc1ffe0000 - 0x00007ffc2006e000 	C:\Windows\system32\apphelp.dll
0x00007ffc0d170000 - 0x00007ffc0d1c3000 	C:\Windows\AppPatch\AppPatch64\AcGenral.DLL
0x00007ffc240a0000 - 0x00007ffc2414a000 	C:\Windows\system32\msvcrt.dll
0x00007ffc21270000 - 0x00007ffc2129e000 	C:\Windows\SYSTEM32\SspiCli.dll
0x00007ffc220d0000 - 0x00007ffc22124000 	C:\Windows\system32\SHLWAPI.dll
0x00007ffc23f20000 - 0x00007ffc24097000 	C:\Windows\system32\USER32.dll
0x00007ffc23d80000 - 0x00007ffc23f14000 	C:\Windows\system32\ole32.dll
0x00007ffc22640000 - 0x00007ffc23b58000 	C:\Windows\system32\SHELL32.dll
0x00007ffc209e0000 - 0x00007ffc20a01000 	C:\Windows\SYSTEM32\USERENV.dll
0x00007ffc21970000 - 0x00007ffc21a1a000 	C:\Windows\system32\ADVAPI32.dll
0x00007ffc18a50000 - 0x00007ffc18a6e000 	C:\Windows\SYSTEM32\MPR.dll
0x00007ffc224f0000 - 0x00007ffc22631000 	C:\Windows\system32\RPCRT4.dll
0x00007ffc22300000 - 0x00007ffc22359000 	C:\Windows\SYSTEM32\sechost.dll
0x00007ffc23b60000 - 0x00007ffc23d71000 	C:\Windows\SYSTEM32\combase.dll
0x00007ffc21a20000 - 0x00007ffc21b71000 	C:\Windows\system32\GDI32.dll
0x00007ffc21440000 - 0x00007ffc21455000 	C:\Windows\SYSTEM32\profapi.dll
0x00007ffc1f3e0000 - 0x00007ffc1f492000 	C:\Windows\SYSTEM32\SHCORE.dll
0x00007ffc22090000 - 0x00007ffc220c6000 	C:\Windows\system32\IMM32.DLL
0x00007ffc21dd0000 - 0x00007ffc21f21000 	C:\Windows\system32\MSCTF.dll
0x00007ffc1ecd0000 - 0x00007ffc1ef4b000 	C:\Windows\WinSxS\amd64_microsoft.windows.common-controls_6595b64144ccf1df_6.0.9600.17415_none_6240486fecbd8abb\COMCTL32.dll
0x000000006eec0000 - 0x000000006ef92000 	C:\Program Files\Java\jdk1.8.0_31\jre\bin\msvcr100.dll
0x000000006f380000 - 0x000000006fbda000 	C:\Program Files\Java\jdk1.8.0_31\jre\bin\server\jvm.dll
0x00007ffc1dac0000 - 0x00007ffc1dac9000 	C:\Windows\SYSTEM32\WSOCK32.dll
0x00007ffc18a20000 - 0x00007ffc18a42000 	C:\Windows\SYSTEM32\WINMM.dll
0x00007ffc22080000 - 0x00007ffc22087000 	C:\Windows\system32\PSAPI.DLL
0x00007ffc24290000 - 0x00007ffc242ea000 	C:\Windows\system32\WS2_32.dll
0x00007ffc17fd0000 - 0x00007ffc17ffa000 	C:\Windows\SYSTEM32\WINMMBASE.dll
0x00007ffc22130000 - 0x00007ffc22139000 	C:\Windows\system32\NSI.dll
0x00007ffc21510000 - 0x00007ffc2155f000 	C:\Windows\SYSTEM32\cfgmgr32.dll
0x00007ffc20240000 - 0x00007ffc20268000 	C:\Windows\SYSTEM32\DEVOBJ.dll
0x000000006f370000 - 0x000000006f37f000 	C:\Program Files\Java\jdk1.8.0_31\jre\bin\verify.dll
0x000000006f340000 - 0x000000006f368000 	C:\Program Files\Java\jdk1.8.0_31\jre\bin\java.dll
0x000000006f320000 - 0x000000006f336000 	C:\Program Files\Java\jdk1.8.0_31\jre\bin\zip.dll
0x00007ffc20e90000 - 0x00007ffc20eb0000 	C:\Windows\SYSTEM32\CRYPTSP.dll
0x00007ffc208d0000 - 0x00007ffc20906000 	C:\Windows\system32\rsaenh.dll
0x00007ffc20f00000 - 0x00007ffc20f26000 	C:\Windows\SYSTEM32\bcrypt.dll
0x00007ffc212a0000 - 0x00007ffc21303000 	C:\Windows\system32\bcryptprimitives.dll
0x00007ffc21310000 - 0x00007ffc2131b000 	C:\Windows\SYSTEM32\CRYPTBASE.dll
0x000000006f110000 - 0x000000006f12a000 	C:\Program Files\Java\jdk1.8.0_31\jre\bin\net.dll
0x00007ffc20c50000 - 0x00007ffc20ca9000 	C:\Windows\system32\mswsock.dll
0x00007ffc1b510000 - 0x00007ffc1b53a000 	C:\Windows\SYSTEM32\IPHLPAPI.DLL
0x00007ffc1b4f0000 - 0x00007ffc1b4fa000 	C:\Windows\SYSTEM32\WINNSI.DLL
0x00007ffc1b120000 - 0x00007ffc1b136000 	C:\Windows\SYSTEM32\dhcpcsvc6.DLL
0x00007ffc1b150000 - 0x00007ffc1b16a000 	C:\Windows\SYSTEM32\dhcpcsvc.DLL
0x000000006f0f0000 - 0x000000006f101000 	C:\Program Files\Java\jdk1.8.0_31\jre\bin\nio.dll
0x00007ffc139c0000 - 0x00007ffc139d2000 	C:\Users\אלבכ\AppData\Local\Temp\native-platform5304642764634171961dir\native-platform.dll
0x00007ffc15900000 - 0x00007ffc15a8a000 	C:\Windows\SYSTEM32\dbghelp.dll

VM Arguments:
jvm_args: -XX:MaxPermSize=256m -XX:+HeapDumpOnOutOfMemoryError -Xmx1024m -Dfile.encoding=windows-1251 -Duser.country=RU -Duser.language=ru -Duser.variant 
java_command: org.gradle.launcher.daemon.bootstrap.GradleDaemon 2.2.1 C:\Users\אלבכ\.gradle\daemon 10800000 9d882c3a-5165-4e6c-873d-effc24193b50 -XX:MaxPermSize=256m -XX:+HeapDumpOnOutOfMemoryError -Xmx1024m -Dfile.encoding=windows-1251 -Duser.country=RU -Duser.language=ru -Duser.variant
java_class_path (initial): C:\Users\אלבכ\.gradle\wrapper\dists\gradle-2.2.1-all\c64ydeuardnfqctvr1gm30w53\gradle-2.2.1\lib\gradle-launcher-2.2.1.jar
Launcher Type: SUN_STANDARD

Environment Variables:
PATH=C:\ProgramData\Oracle\Java\javapath;C:\Windows\system32;C:\Windows;C:\Windows\System32\Wbem;C:\Windows\System32\WindowsPowerShell\v1.0\;C:\Program Files\Microsoft SQL Server\110\Tools\Binn\;C:\Program Files (x86)\GtkSharp\2.12\bin;C:\Program Files\Microsoft SQL Server\120\Tools\Binn\;C:\Program Files (x86)\nodejs\;C:\Program Files (x86)\Common Files\Acronis\SnapAPI\;C:\Program Files (x86)\Common Files\Teleca Shared;C:\Program Files (x86)\Skype\Phone\;C:\Program Files (x86)\Windows Kits\8.1\Windows Performance Toolkit\;C:\Users\אלבכ\AppData\Roaming\npm
USERNAME=אלבכ
OS=Windows_NT
PROCESSOR_IDENTIFIER=Intel64 Family 6 Model 69 Stepping 1, GenuineIntel



---------------  S Y S T E M  ---------------

OS: Windows 8.1 , 64 bit Build 9600 

CPU:total 4 (2 cores per cpu, 2 threads per core) family 6 model 69 stepping 1, cmov, cx8, fxsr, mmx, sse, sse2, sse3, ssse3, sse4.1, sse4.2, popcnt, avx, avx2, aes, clmul, erms, lzcnt, ht, tsc, tscinvbit, bmi1, bmi2

Memory: 4k page, physical 6171864k(1214460k free), swap 12463320k(3570260k free)

vm_info: Java HotSpot(TM) 64-Bit Server VM (25.31-b07) for windows-amd64 JRE (1.8.0_31-b13), built on Dec 17 2014 21:00:28 by "java_re" with MS VC++ 10.0 (VS2010)

time: Fri Apr 10 00:53:35 2015
elapsed time: 9456 seconds (0d 2h 37m 36s)

